[2023-02-06 13:06:51] - Creating shared instance of singleton bean 'defaultServletHandlerMapping'
[2023-02-06 13:06:51] - Adding web access control expression [permitAll] for Ant [pattern='/authenticate']
[2023-02-06 13:06:51] - Adding web access control expression [permitAll] for Ant [pattern='/registerNewUser']
[2023-02-06 13:06:51] - Adding web access control expression [permitAll] for Ant [pattern='Allow']
[2023-02-06 13:06:51] - Adding web access control expression [authenticated] for any request
[2023-02-06 13:06:51] - Will secure any request with [org.springframework.security.web.session.DisableEncodeUrlFilter@2f3565c0, org.springframework.security.web.context.request.async.WebAsyncManagerIntegrationFilter@64a8851a, org.springframework.security.web.context.SecurityContextPersistenceFilter@71c69628, org.springframework.security.web.header.HeaderWriterFilter@4b2af0eb, org.springframework.web.filter.CorsFilter@5b27d03d, org.springframework.security.web.authentication.logout.LogoutFilter@5a6d4dee, com.SchoolApp.Configuration.JwtRequestFilter@1cd2e348, org.springframework.security.web.savedrequest.RequestCacheAwareFilter@1028a747, org.springframework.security.web.servletapi.SecurityContextHolderAwareRequestFilter@1ee126de, org.springframework.security.web.authentication.AnonymousAuthenticationFilter@687d31a9, org.springframework.security.web.session.SessionManagementFilter@639bf405, org.springframework.security.web.access.ExceptionTranslationFilter@3497ecea, org.springframework.security.web.access.intercept.FilterSecurityInterceptor@68303aad]
[2023-02-06 13:06:51] - Creating shared instance of singleton bean 'webSecurityExpressionHandler'
[2023-02-06 13:06:51] - Creating shared instance of singleton bean 'privilegeEvaluator'
[2023-02-06 13:06:51] - Creating shared instance of singleton bean 'requestDataValueProcessor'
[2023-02-06 13:06:51] - Creating shared instance of singleton bean 'org.springframework.security.config.annotation.web.configuration.HttpSecurityConfiguration'
[2023-02-06 13:06:51] - Creating shared instance of singleton bean 'preInvocationAuthorizationAdvice'
[2023-02-06 13:06:51] - Creating shared instance of singleton bean 'org.springframework.boot.autoconfigure.context.PropertyPlaceholderAutoConfiguration'
[2023-02-06 13:06:51] - Creating shared instance of singleton bean 'org.springframework.boot.autoconfigure.websocket.servlet.WebSocketServletAutoConfiguration'
[2023-02-06 13:06:51] - Creating shared instance of singleton bean 'org.springframework.boot.autoconfigure.web.servlet.DispatcherServletAutoConfiguration'
[2023-02-06 13:06:51] - Creating shared instance of singleton bean 'org.springframework.boot.autoconfigure.http.codec.CodecsAutoConfiguration$DefaultCodecsConfiguration'
[2023-02-06 13:06:51] - Creating shared instance of singleton bean 'defaultCodecCustomizer'
[2023-02-06 13:06:51] - Creating shared instance of singleton bean 'spring.codec-org.springframework.boot.autoconfigure.codec.CodecProperties'
[2023-02-06 13:06:51] - Autowiring by type from bean name 'defaultCodecCustomizer' via factory method to bean named 'spring.codec-org.springframework.boot.autoconfigure.codec.CodecProperties'
[2023-02-06 13:06:51] - Creating shared instance of singleton bean 'org.springframework.boot.autoconfigure.http.codec.CodecsAutoConfiguration$JacksonCodecConfiguration'
[2023-02-06 13:06:51] - Creating shared instance of singleton bean 'jacksonCodecCustomizer'
[2023-02-06 13:06:51] - Autowiring by type from bean name 'jacksonCodecCustomizer' via factory method to bean named 'jacksonObjectMapper'
[2023-02-06 13:06:51] - Creating shared instance of singleton bean 'org.springframework.boot.autoconfigure.http.codec.CodecsAutoConfiguration'
[2023-02-06 13:06:51] - Creating shared instance of singleton bean 'org.springframework.boot.autoconfigure.validation.ValidationAutoConfiguration'
[2023-02-06 13:06:51] - Creating shared instance of singleton bean 'defaultValidator'
[2023-02-06 13:06:51] - Autowiring by type from bean name 'defaultValidator' via factory method to bean named 'org.springframework.boot.web.servlet.context.AnnotationConfigServletWebServerApplicationContext@71cf1b07'
[2023-02-06 13:06:51] - Loaded expression factory via original TCCL
[2023-02-06 13:06:51] - Setting custom MessageInterpolator of type org.springframework.validation.beanvalidation.LocaleContextMessageInterpolator
[2023-02-06 13:06:51] - Setting custom ConstraintValidatorFactory of type org.springframework.validation.beanvalidation.SpringConstraintValidatorFactory
[2023-02-06 13:06:51] - Setting custom ParameterNameProvider of type org.springframework.validation.beanvalidation.LocalValidatorFactoryBean$1
[2023-02-06 13:06:51] - Trying to load META-INF/validation.xml for XML based Validator configuration.
[2023-02-06 13:06:51] - Trying to load META-INF/validation.xml via user class loader
[2023-02-06 13:06:51] - Trying to load META-INF/validation.xml via TCCL
[2023-02-06 13:06:51] - Trying to load META-INF/validation.xml via Hibernate Validator's class loader
[2023-02-06 13:06:51] - No META-INF/validation.xml found. Using annotation based configuration only.
[2023-02-06 13:06:51] - Found javax.persistence.Persistence on classpath containing 'getPersistenceUtil'. Assuming JPA 2 environment. Trying to instantiate JPA aware TraversableResolver
[2023-02-06 13:06:51] - Instantiated JPA aware TraversableResolver of type org.hibernate.validator.internal.engine.resolver.JPATraversableResolver.
[2023-02-06 13:06:51] - HV000252: Using org.hibernate.validator.internal.engine.DefaultPropertyNodeNameProvider as property node name provider.
[2023-02-06 13:06:51] - HV000234: Using org.springframework.validation.beanvalidation.LocaleContextMessageInterpolator as ValidatorFactory-scoped message interpolator.
[2023-02-06 13:06:51] - HV000234: Using org.hibernate.validator.internal.engine.resolver.JPATraversableResolver as ValidatorFactory-scoped traversable resolver.
[2023-02-06 13:06:51] - HV000234: Using org.hibernate.validator.internal.util.ExecutableParameterNameProvider as ValidatorFactory-scoped parameter name provider.
[2023-02-06 13:06:51] - HV000234: Using org.hibernate.validator.internal.engine.DefaultClockProvider as ValidatorFactory-scoped clock provider.
[2023-02-06 13:06:51] - HV000234: Using org.hibernate.validator.internal.engine.scripting.DefaultScriptEvaluatorFactory as ValidatorFactory-scoped script evaluator factory.
[2023-02-06 13:06:51] - Creating shared instance of singleton bean 'org.springframework.boot.autoconfigure.task.TaskExecutionAutoConfiguration'
[2023-02-06 13:06:51] - Creating shared instance of singleton bean 'taskExecutorBuilder'
[2023-02-06 13:06:51] - Creating shared instance of singleton bean 'spring.task.execution-org.springframework.boot.autoconfigure.task.TaskExecutionProperties'
[2023-02-06 13:06:51] - Autowiring by type from bean name 'taskExecutorBuilder' via factory method to bean named 'spring.task.execution-org.springframework.boot.autoconfigure.task.TaskExecutionProperties'
[2023-02-06 13:06:51] - Creating shared instance of singleton bean 'org.springframework.boot.autoconfigure.web.servlet.error.ErrorMvcAutoConfiguration$WhitelabelErrorViewConfiguration'
[2023-02-06 13:06:51] - Creating shared instance of singleton bean 'error'
[2023-02-06 13:06:51] - Creating shared instance of singleton bean 'beanNameViewResolver'
[2023-02-06 13:06:51] - Creating shared instance of singleton bean 'org.springframework.boot.autoconfigure.web.servlet.error.ErrorMvcAutoConfiguration$DefaultErrorViewResolverConfiguration'
[2023-02-06 13:06:51] - Autowiring by type from bean name 'org.springframework.boot.autoconfigure.web.servlet.error.ErrorMvcAutoConfiguration$DefaultErrorViewResolverConfiguration' via constructor to bean named 'org.springframework.boot.web.servlet.context.AnnotationConfigServletWebServerApplicationContext@71cf1b07'
[2023-02-06 13:06:51] - Autowiring by type from bean name 'org.springframework.boot.autoconfigure.web.servlet.error.ErrorMvcAutoConfiguration$DefaultErrorViewResolverConfiguration' via constructor to bean named 'spring.web-org.springframework.boot.autoconfigure.web.WebProperties'
[2023-02-06 13:06:51] - Creating shared instance of singleton bean 'conventionErrorViewResolver'
[2023-02-06 13:06:51] - Creating shared instance of singleton bean 'errorAttributes'
[2023-02-06 13:06:51] - Creating shared instance of singleton bean 'basicErrorController'
[2023-02-06 13:06:51] - Autowiring by type from bean name 'basicErrorController' via factory method to bean named 'errorAttributes'
[2023-02-06 13:06:51] - Creating shared instance of singleton bean 'requestMappingHandlerAdapter'
[2023-02-06 13:06:51] - Creating shared instance of singleton bean 'mvcValidator'
[2023-02-06 13:06:51] - Autowiring by type from bean name 'requestMappingHandlerAdapter' via factory method to bean named 'mvcContentNegotiationManager'
[2023-02-06 13:06:51] - Autowiring by type from bean name 'requestMappingHandlerAdapter' via factory method to bean named 'mvcConversionService'
[2023-02-06 13:06:51] - Autowiring by type from bean name 'requestMappingHandlerAdapter' via factory method to bean named 'mvcValidator'
[2023-02-06 13:06:51] - Autowiring by type from bean name 'requestMappingHandlerAdapter' via factory method to bean named 'mvcContentNegotiationManager'
[2023-02-06 13:06:51] - Autowiring by type from bean name 'requestMappingHandlerAdapter' via factory method to bean named 'mvcConversionService'
[2023-02-06 13:06:51] - Autowiring by type from bean name 'requestMappingHandlerAdapter' via factory method to bean named 'mvcValidator'
[2023-02-06 13:06:51] - Creating shared instance of singleton bean 'sortResolver'
[2023-02-06 13:06:51] - Creating shared instance of singleton bean 'sortCustomizer'
[2023-02-06 13:06:51] - Creating shared instance of singleton bean 'org.springframework.boot.autoconfigure.data.web.SpringDataWebAutoConfiguration'
[2023-02-06 13:06:51] - Creating shared instance of singleton bean 'spring.data.web-org.springframework.boot.autoconfigure.data.web.SpringDataWebProperties'
[2023-02-06 13:06:51] - Autowiring by type from bean name 'org.springframework.boot.autoconfigure.data.web.SpringDataWebAutoConfiguration' via constructor to bean named 'spring.data.web-org.springframework.boot.autoconfigure.data.web.SpringDataWebProperties'
[2023-02-06 13:06:51] - Creating shared instance of singleton bean 'pageableResolver'
[2023-02-06 13:06:51] - Creating shared instance of singleton bean 'pageableCustomizer'
[2023-02-06 13:06:51] - Creating shared instance of singleton bean 'applicationTaskExecutor'
[2023-02-06 13:06:51] - Autowiring by type from bean name 'applicationTaskExecutor' via factory method to bean named 'taskExecutorBuilder'
[2023-02-06 13:06:51] - Initializing ExecutorService 'applicationTaskExecutor'
[2023-02-06 13:06:52] - ControllerAdvice beans: 0 @ModelAttribute, 0 @InitBinder, 1 RequestBodyAdvice, 1 ResponseBodyAdvice
[2023-02-06 13:06:52] - Creating shared instance of singleton bean 'localeResolver'
[2023-02-06 13:06:52] - Creating shared instance of singleton bean 'themeResolver'
[2023-02-06 13:06:52] - Creating shared instance of singleton bean 'flashMapManager'
[2023-02-06 13:06:52] - Creating shared instance of singleton bean 'mvcPatternParser'
[2023-02-06 13:06:52] - Creating shared instance of singleton bean 'mvcUrlPathHelper'
[2023-02-06 13:06:52] - Creating shared instance of singleton bean 'mvcPathMatcher'
[2023-02-06 13:06:52] - Creating shared instance of singleton bean 'handlerFunctionAdapter'
[2023-02-06 13:06:52] - Creating shared instance of singleton bean 'mvcUriComponentsContributor'
[2023-02-06 13:06:52] - Autowiring by type from bean name 'mvcUriComponentsContributor' via factory method to bean named 'mvcConversionService'
[2023-02-06 13:06:52] - Autowiring by type from bean name 'mvcUriComponentsContributor' via factory method to bean named 'requestMappingHandlerAdapter'
[2023-02-06 13:06:52] - Creating shared instance of singleton bean 'httpRequestHandlerAdapter'
[2023-02-06 13:06:52] - Creating shared instance of singleton bean 'simpleControllerHandlerAdapter'
[2023-02-06 13:06:52] - Creating shared instance of singleton bean 'handlerExceptionResolver'
[2023-02-06 13:06:52] - Autowiring by type from bean name 'handlerExceptionResolver' via factory method to bean named 'mvcContentNegotiationManager'
[2023-02-06 13:06:52] - ControllerAdvice beans: 1 @ExceptionHandler, 1 ResponseBodyAdvice
[2023-02-06 13:06:52] - Creating shared instance of singleton bean 'mvcViewResolver'
[2023-02-06 13:06:52] - Autowiring by type from bean name 'mvcViewResolver' via factory method to bean named 'mvcContentNegotiationManager'
[2023-02-06 13:06:52] - Creating shared instance of singleton bean 'viewNameTranslator'
[2023-02-06 13:06:52] - Creating shared instance of singleton bean 'defaultViewResolver'
[2023-02-06 13:06:52] - Creating shared instance of singleton bean 'viewResolver'
[2023-02-06 13:06:52] - Autowiring by type from bean name 'viewResolver' via factory method to bean named 'org.springframework.beans.factory.support.DefaultListableBeanFactory@7383eae2'
[2023-02-06 13:06:52] - Creating shared instance of singleton bean 'org.springframework.boot.autoconfigure.aop.AopAutoConfiguration$AspectJAutoProxyingConfiguration$CglibAutoProxyConfiguration'
[2023-02-06 13:06:52] - Creating shared instance of singleton bean 'org.springframework.boot.autoconfigure.aop.AopAutoConfiguration$AspectJAutoProxyingConfiguration'
[2023-02-06 13:06:52] - Creating shared instance of singleton bean 'org.springframework.boot.autoconfigure.aop.AopAutoConfiguration'
[2023-02-06 13:06:52] - Creating shared instance of singleton bean 'org.springframework.boot.autoconfigure.availability.ApplicationAvailabilityAutoConfiguration'
[2023-02-06 13:06:52] - Creating shared instance of singleton bean 'applicationAvailability'
[2023-02-06 13:06:52] - Creating shared instance of singleton bean 'org.springframework.boot.autoconfigure.transaction.jta.JtaAutoConfiguration'
[2023-02-06 13:06:52] - Creating shared instance of singleton bean 'org.springframework.boot.autoconfigure.jdbc.DataSourceJmxConfiguration$Hikari'
[2023-02-06 13:06:52] - Autowiring by type from bean name 'org.springframework.boot.autoconfigure.jdbc.DataSourceJmxConfiguration$Hikari' via constructor to bean named 'dataSource'
[2023-02-06 13:06:52] - Creating shared instance of singleton bean 'org.springframework.boot.autoconfigure.jdbc.DataSourceJmxConfiguration'
[2023-02-06 13:06:52] - Creating shared instance of singleton bean 'org.springframework.boot.autoconfigure.jdbc.DataSourceAutoConfiguration$PooledDataSourceConfiguration'
[2023-02-06 13:06:52] - Creating shared instance of singleton bean 'org.springframework.boot.autoconfigure.jdbc.metadata.DataSourcePoolMetadataProvidersConfiguration'
[2023-02-06 13:06:52] - Creating shared instance of singleton bean 'org.springframework.boot.autoconfigure.jdbc.DataSourceAutoConfiguration'
[2023-02-06 13:06:52] - Creating shared instance of singleton bean 'org.springframework.boot.autoconfigure.orm.jpa.HibernateJpaAutoConfiguration'
[2023-02-06 13:06:52] - Creating shared instance of singleton bean 'org.springframework.boot.autoconfigure.context.ConfigurationPropertiesAutoConfiguration'
[2023-02-06 13:06:52] - Creating shared instance of singleton bean 'org.springframework.boot.autoconfigure.context.LifecycleAutoConfiguration'
[2023-02-06 13:06:52] - Creating shared instance of singleton bean 'lifecycleProcessor'
[2023-02-06 13:06:52] - Creating shared instance of singleton bean 'spring.lifecycle-org.springframework.boot.autoconfigure.context.LifecycleProperties'
[2023-02-06 13:06:52] - Autowiring by type from bean name 'lifecycleProcessor' via factory method to bean named 'spring.lifecycle-org.springframework.boot.autoconfigure.context.LifecycleProperties'
[2023-02-06 13:06:52] - Creating shared instance of singleton bean 'org.springframework.boot.autoconfigure.dao.PersistenceExceptionTranslationAutoConfiguration'
[2023-02-06 13:06:52] - Creating shared instance of singleton bean 'org.springframework.boot.autoconfigure.data.jpa.JpaRepositoriesAutoConfiguration'
[2023-02-06 13:06:52] - Creating shared instance of singleton bean 'org.springframework.data.jpa.util.JpaMetamodelCacheCleanup'
[2023-02-06 13:06:52] - Creating shared instance of singleton bean 'org.springframework.data.jpa.repository.support.JpaEvaluationContextExtension'
[2023-02-06 13:06:52] - Creating shared instance of singleton bean 'org.springframework.boot.autoconfigure.http.JacksonHttpMessageConvertersConfiguration'
[2023-02-06 13:06:52] - Creating shared instance of singleton bean 'org.springframework.data.web.config.ProjectingArgumentResolverRegistrar'
[2023-02-06 13:06:52] - Creating shared instance of singleton bean 'org.springframework.boot.autoconfigure.info.ProjectInfoAutoConfiguration'
[2023-02-06 13:06:52] - Creating shared instance of singleton bean 'spring.info-org.springframework.boot.autoconfigure.info.ProjectInfoProperties'
[2023-02-06 13:06:52] - Autowiring by type from bean name 'org.springframework.boot.autoconfigure.info.ProjectInfoAutoConfiguration' via constructor to bean named 'spring.info-org.springframework.boot.autoconfigure.info.ProjectInfoProperties'
[2023-02-06 13:06:52] - Creating shared instance of singleton bean 'org.springframework.boot.autoconfigure.jdbc.JdbcTemplateConfiguration'
[2023-02-06 13:06:52] - Creating shared instance of singleton bean 'jdbcTemplate'
[2023-02-06 13:06:52] - Creating shared instance of singleton bean 'spring.jdbc-org.springframework.boot.autoconfigure.jdbc.JdbcProperties'
[2023-02-06 13:06:52] - Autowiring by type from bean name 'jdbcTemplate' via factory method to bean named 'dataSource'
[2023-02-06 13:06:52] - Autowiring by type from bean name 'jdbcTemplate' via factory method to bean named 'spring.jdbc-org.springframework.boot.autoconfigure.jdbc.JdbcProperties'
