[2023-02-06 13:06:37] - Creating shared instance of singleton bean 'org.springframework.transaction.config.internalTransactionAdvisor'
[2023-02-06 13:06:37] - Creating shared instance of singleton bean 'org.springframework.transaction.annotation.ProxyTransactionManagementConfiguration'
[2023-02-06 13:06:37] - Creating shared instance of singleton bean 'transactionAttributeSource'
[2023-02-06 13:06:37] - Creating shared instance of singleton bean 'transactionInterceptor'
[2023-02-06 13:06:37] - Autowiring by type from bean name 'transactionInterceptor' via factory method to bean named 'transactionAttributeSource'
[2023-02-06 13:06:37] - Autowiring by type from bean name 'org.springframework.transaction.config.internalTransactionAdvisor' via factory method to bean named 'transactionAttributeSource'
[2023-02-06 13:06:37] - Autowiring by type from bean name 'org.springframework.transaction.config.internalTransactionAdvisor' via factory method to bean named 'transactionInterceptor'
[2023-02-06 13:06:37] - Creating shared instance of singleton bean 'objectPostProcessor'
[2023-02-06 13:06:37] - Creating shared instance of singleton bean 'org.springframework.security.config.annotation.configuration.ObjectPostProcessorConfiguration'
[2023-02-06 13:06:37] - Autowiring by type from bean name 'objectPostProcessor' via factory method to bean named 'org.springframework.beans.factory.support.DefaultListableBeanFactory@7383eae2'
[2023-02-06 13:06:37] - Unable to locate ThemeSource with name 'themeSource': using default [org.springframework.ui.context.support.ResourceBundleThemeSource@14998e21]
[2023-02-06 13:06:37] - Creating shared instance of singleton bean 'tomcatServletWebServerFactory'
[2023-02-06 13:06:37] - Creating shared instance of singleton bean 'org.springframework.boot.autoconfigure.web.servlet.ServletWebServerFactoryConfiguration$EmbeddedTomcat'
[2023-02-06 13:06:38] - Creating shared instance of singleton bean 'websocketServletWebServerCustomizer'
[2023-02-06 13:06:38] - Creating shared instance of singleton bean 'org.springframework.boot.autoconfigure.websocket.servlet.WebSocketServletAutoConfiguration$TomcatWebSocketConfiguration'
[2023-02-06 13:06:38] - Creating shared instance of singleton bean 'servletWebServerFactoryCustomizer'
[2023-02-06 13:06:38] - Creating shared instance of singleton bean 'org.springframework.boot.autoconfigure.web.servlet.ServletWebServerFactoryAutoConfiguration'
[2023-02-06 13:06:38] - Creating shared instance of singleton bean 'server-org.springframework.boot.autoconfigure.web.ServerProperties'
[2023-02-06 13:06:38] - Creating shared instance of singleton bean 'org.springframework.boot.context.properties.BoundConfigurationProperties'
[2023-02-06 13:06:38] - Autowiring by type from bean name 'servletWebServerFactoryCustomizer' via factory method to bean named 'server-org.springframework.boot.autoconfigure.web.ServerProperties'
[2023-02-06 13:06:38] - Creating shared instance of singleton bean 'tomcatServletWebServerFactoryCustomizer'
[2023-02-06 13:06:38] - Autowiring by type from bean name 'tomcatServletWebServerFactoryCustomizer' via factory method to bean named 'server-org.springframework.boot.autoconfigure.web.ServerProperties'
[2023-02-06 13:06:38] - Creating shared instance of singleton bean 'nettyWebServerFactoryCustomizer'
[2023-02-06 13:06:38] - Creating shared instance of singleton bean 'org.springframework.boot.autoconfigure.web.embedded.EmbeddedWebServerFactoryCustomizerAutoConfiguration$NettyWebServerFactoryCustomizerConfiguration'
[2023-02-06 13:06:38] - Autowiring by type from bean name 'nettyWebServerFactoryCustomizer' via factory method to bean named 'environment'
[2023-02-06 13:06:38] - Autowiring by type from bean name 'nettyWebServerFactoryCustomizer' via factory method to bean named 'server-org.springframework.boot.autoconfigure.web.ServerProperties'
[2023-02-06 13:06:38] - Creating shared instance of singleton bean 'tomcatWebServerFactoryCustomizer'
[2023-02-06 13:06:38] - Creating shared instance of singleton bean 'org.springframework.boot.autoconfigure.web.embedded.EmbeddedWebServerFactoryCustomizerAutoConfiguration$TomcatWebServerFactoryCustomizerConfiguration'
[2023-02-06 13:06:38] - Autowiring by type from bean name 'tomcatWebServerFactoryCustomizer' via factory method to bean named 'environment'
[2023-02-06 13:06:38] - Autowiring by type from bean name 'tomcatWebServerFactoryCustomizer' via factory method to bean named 'server-org.springframework.boot.autoconfigure.web.ServerProperties'
[2023-02-06 13:06:38] - Creating shared instance of singleton bean 'localeCharsetMappingsCustomizer'
[2023-02-06 13:06:38] - Creating shared instance of singleton bean 'org.springframework.boot.autoconfigure.web.servlet.HttpEncodingAutoConfiguration'
[2023-02-06 13:06:38] - Autowiring by type from bean name 'org.springframework.boot.autoconfigure.web.servlet.HttpEncodingAutoConfiguration' via constructor to bean named 'server-org.springframework.boot.autoconfigure.web.ServerProperties'
[2023-02-06 13:06:38] - Creating shared instance of singleton bean 'errorPageCustomizer'
[2023-02-06 13:06:38] - Creating shared instance of singleton bean 'org.springframework.boot.autoconfigure.web.servlet.error.ErrorMvcAutoConfiguration'
[2023-02-06 13:06:38] - Autowiring by type from bean name 'org.springframework.boot.autoconfigure.web.servlet.error.ErrorMvcAutoConfiguration' via constructor to bean named 'server-org.springframework.boot.autoconfigure.web.ServerProperties'
[2023-02-06 13:06:38] - Creating shared instance of singleton bean 'dispatcherServletRegistration'
[2023-02-06 13:06:38] - Creating shared instance of singleton bean 'org.springframework.boot.autoconfigure.web.servlet.DispatcherServletAutoConfiguration$DispatcherServletRegistrationConfiguration'
[2023-02-06 13:06:38] - Creating shared instance of singleton bean 'dispatcherServlet'
[2023-02-06 13:06:38] - Creating shared instance of singleton bean 'org.springframework.boot.autoconfigure.web.servlet.DispatcherServletAutoConfiguration$DispatcherServletConfiguration'
[2023-02-06 13:06:38] - Creating shared instance of singleton bean 'spring.mvc-org.springframework.boot.autoconfigure.web.servlet.WebMvcProperties'
[2023-02-06 13:06:38] - Autowiring by type from bean name 'dispatcherServlet' via factory method to bean named 'spring.mvc-org.springframework.boot.autoconfigure.web.servlet.WebMvcProperties'
[2023-02-06 13:06:38] - Autowiring by type from bean name 'dispatcherServletRegistration' via factory method to bean named 'dispatcherServlet'
[2023-02-06 13:06:38] - Autowiring by type from bean name 'dispatcherServletRegistration' via factory method to bean named 'spring.mvc-org.springframework.boot.autoconfigure.web.servlet.WebMvcProperties'
[2023-02-06 13:06:38] - Creating shared instance of singleton bean 'multipartConfigElement'
[2023-02-06 13:06:38] - Creating shared instance of singleton bean 'org.springframework.boot.autoconfigure.web.servlet.MultipartAutoConfiguration'
[2023-02-06 13:06:38] - Creating shared instance of singleton bean 'spring.servlet.multipart-org.springframework.boot.autoconfigure.web.servlet.MultipartProperties'
[2023-02-06 13:06:38] - Autowiring by type from bean name 'org.springframework.boot.autoconfigure.web.servlet.MultipartAutoConfiguration' via constructor to bean named 'spring.servlet.multipart-org.springframework.boot.autoconfigure.web.servlet.MultipartProperties'
[2023-02-06 13:06:38] - Autowiring by type from bean name 'errorPageCustomizer' via factory method to bean named 'dispatcherServletRegistration'
[2023-02-06 13:06:38] - Code archive: C:\Users\Dell\.m2\repository\org\springframework\boot\spring-boot\2.7.8\spring-boot-2.7.8.jar
[2023-02-06 13:06:38] - Code archive: C:\Users\Dell\.m2\repository\org\springframework\boot\spring-boot\2.7.8\spring-boot-2.7.8.jar
[2023-02-06 13:06:38] - None of the document roots [src/main/webapp, public, static] point to a directory and will be ignored.
[2023-02-06 13:06:39] - Tomcat initialized with port(s): 9092 (http)
[2023-02-06 13:06:39] - Initializing ProtocolHandler ["http-nio-9092"]
[2023-02-06 13:06:39] - Starting service [Tomcat]
[2023-02-06 13:06:39] - Starting Servlet engine: [Apache Tomcat/9.0.71]
[2023-02-06 13:06:39] - Initializing Spring embedded WebApplicationContext
[2023-02-06 13:06:39] - Published root WebApplicationContext as ServletContext attribute with name [org.springframework.web.context.WebApplicationContext.ROOT]
[2023-02-06 13:06:39] - Root WebApplicationContext: initialization completed in 6748 ms
[2023-02-06 13:06:39] - Creating shared instance of singleton bean 'errorPageSecurityFilter'
[2023-02-06 13:06:39] - Creating shared instance of singleton bean 'org.springframework.boot.autoconfigure.security.servlet.SpringBootWebSecurityConfiguration$ErrorPageSecurityFilterConfiguration'
[2023-02-06 13:06:39] - Autowiring by type from bean name 'errorPageSecurityFilter' via factory method to bean named 'org.springframework.boot.web.servlet.context.AnnotationConfigServletWebServerApplicationContext@71cf1b07'
[2023-02-06 13:06:39] - Creating shared instance of singleton bean 'securityFilterChainRegistration'
[2023-02-06 13:06:39] - Creating shared instance of singleton bean 'org.springframework.boot.autoconfigure.security.servlet.SecurityFilterAutoConfiguration'
[2023-02-06 13:06:39] - Creating shared instance of singleton bean 'spring.security-org.springframework.boot.autoconfigure.security.SecurityProperties'
[2023-02-06 13:06:39] - Autowiring by type from bean name 'securityFilterChainRegistration' via factory method to bean named 'spring.security-org.springframework.boot.autoconfigure.security.SecurityProperties'
[2023-02-06 13:06:39] - Creating shared instance of singleton bean 'jwtRequestFilter'
[2023-02-06 13:06:39] - Creating shared instance of singleton bean 'jwtUtil'
[2023-02-06 13:06:39] - Creating shared instance of singleton bean 'jwtService'
[2023-02-06 13:06:39] - Creating shared instance of singleton bean 'userRepo'
[2023-02-06 13:06:39] - Creating shared instance of singleton bean 'dataSourceScriptDatabaseInitializer'
[2023-02-06 13:06:39] - Creating shared instance of singleton bean 'org.springframework.boot.autoconfigure.sql.init.DataSourceInitializationConfiguration'
[2023-02-06 13:06:39] - Creating shared instance of singleton bean 'dataSource'
[2023-02-06 13:06:39] - Creating shared instance of singleton bean 'org.springframework.boot.autoconfigure.jdbc.DataSourceConfiguration$Hikari'
[2023-02-06 13:06:39] - Creating shared instance of singleton bean 'spring.datasource-org.springframework.boot.autoconfigure.jdbc.DataSourceProperties'
[2023-02-06 13:06:39] - Autowiring by type from bean name 'dataSource' via factory method to bean named 'spring.datasource-org.springframework.boot.autoconfigure.jdbc.DataSourceProperties'
[2023-02-06 13:06:39] - Driver class com.mysql.cj.jdbc.Driver found in Thread context class loader TomcatEmbeddedWebappClassLoader
  context: ROOT
  delegate: true
----------> Parent Classloader:
jdk.internal.loader.ClassLoaders$AppClassLoader@22d8cfe0

[2023-02-06 13:06:39] - Creating shared instance of singleton bean 'spring.sql.init-org.springframework.boot.autoconfigure.sql.init.SqlInitializationProperties'
[2023-02-06 13:06:39] - Autowiring by type from bean name 'dataSourceScriptDatabaseInitializer' via factory method to bean named 'dataSource'
[2023-02-06 13:06:39] - Autowiring by type from bean name 'dataSourceScriptDatabaseInitializer' via factory method to bean named 'spring.sql.init-org.springframework.boot.autoconfigure.sql.init.SqlInitializationProperties'
