[2023-02-06 13:06:43] - MetadataSourceProcessor property ack_ID with lazy=false
[2023-02-06 13:06:43] - Attempting to locate auto-apply AttributeConverter for property [com.SchoolApp.Entity.AcknowledgedDetails:ack_ID]
[2023-02-06 13:06:43] - building SimpleValue for ack_ID
[2023-02-06 13:06:43] - Building property ack_ID
[2023-02-06 13:06:43] - #makeIdGenerator(org.hibernate.mapping.SimpleValue([org.hibernate.mapping.Column(ack_id)]), ack_ID, identity, , ...)
[2023-02-06 13:06:43] - Binding column: Ejb3Column{table=org.hibernate.mapping.Table(acknowledged_details), mappingColumn=acknowledged, insertable=true, updatable=true, unique=false}
[2023-02-06 13:06:43] - MetadataSourceProcessor property acknowledged with lazy=false
[2023-02-06 13:06:43] - Attempting to locate auto-apply AttributeConverter for property [com.SchoolApp.Entity.AcknowledgedDetails:acknowledged]
[2023-02-06 13:06:43] - building SimpleValue for acknowledged
[2023-02-06 13:06:43] - Building property acknowledged
[2023-02-06 13:06:43] - Binding column: Ejb3Column{table=org.hibernate.mapping.Table(acknowledged_details), mappingColumn=information_text, insertable=true, updatable=true, unique=false}
[2023-02-06 13:06:43] - MetadataSourceProcessor property information_Text with lazy=false
[2023-02-06 13:06:43] - Attempting to locate auto-apply AttributeConverter for property [com.SchoolApp.Entity.AcknowledgedDetails:information_Text]
[2023-02-06 13:06:43] - building SimpleValue for information_Text
[2023-02-06 13:06:43] - Building property information_Text
[2023-02-06 13:06:43] - Binding column: Ejb3Column{table=org.hibernate.mapping.Table(acknowledged_details), mappingColumn=notification_date, insertable=true, updatable=true, unique=false}
[2023-02-06 13:06:43] - MetadataSourceProcessor property notification_Date with lazy=false
[2023-02-06 13:06:43] - Attempting to locate auto-apply AttributeConverter for property [com.SchoolApp.Entity.AcknowledgedDetails:notification_Date]
[2023-02-06 13:06:43] - building SimpleValue for notification_Date
[2023-02-06 13:06:43] - Building property notification_Date
[2023-02-06 13:06:43] - Binding column: Ejb3Column{table=org.hibernate.mapping.Table(acknowledged_details), mappingColumn=notification_posted_by, insertable=true, updatable=true, unique=false}
[2023-02-06 13:06:43] - MetadataSourceProcessor property notification_Posted_By with lazy=false
[2023-02-06 13:06:43] - Attempting to locate auto-apply AttributeConverter for property [com.SchoolApp.Entity.AcknowledgedDetails:notification_Posted_By]
[2023-02-06 13:06:43] - building SimpleValue for notification_Posted_By
[2023-02-06 13:06:43] - Building property notification_Posted_By
[2023-02-06 13:06:43] - Binding column: Ejb3JoinColumn{logicalColumnName='registration_ID', referencedColumn='', mappedBy=''}
[2023-02-06 13:06:43] - Binding column: Ejb3Column{table=org.hibernate.mapping.Table(acknowledged_details), mappingColumn=parent, insertable=true, updatable=true, unique=false}
[2023-02-06 13:06:43] - Building property parent
[2023-02-06 13:06:43] - Binding entity from annotated class: com.SchoolApp.Entity.AproveDetails
[2023-02-06 13:06:43] - Binding column: Ejb3DiscriminatorColumn{logicalColumnName'DTYPE', discriminatorTypeName='string'}
[2023-02-06 13:06:43] - Import with entity name AproveDetails
[2023-02-06 13:06:43] - Bind entity com.SchoolApp.Entity.AproveDetails on table aprove_details
[2023-02-06 13:06:43] - Binding column: Ejb3Column{table=org.hibernate.mapping.Table(aprove_details), mappingColumn=approve_registration_id, insertable=true, updatable=true, unique=false}
[2023-02-06 13:06:43] - Not known whether passed class name [com.SchoolApp.Entity.AproveDetails] is safe
[2023-02-06 13:06:43] - No temp ClassLoader provided; using live ClassLoader for loading potentially unsafe class : com.SchoolApp.Entity.AproveDetails
[2023-02-06 13:06:43] - MetadataSourceProcessor property approveRegistration_ID with lazy=false
[2023-02-06 13:06:43] - Attempting to locate auto-apply AttributeConverter for property [com.SchoolApp.Entity.AproveDetails:approveRegistration_ID]
[2023-02-06 13:06:43] - building SimpleValue for approveRegistration_ID
[2023-02-06 13:06:43] - Building property approveRegistration_ID
[2023-02-06 13:06:43] - #makeIdGenerator(org.hibernate.mapping.SimpleValue([org.hibernate.mapping.Column(approve_registration_id)]), approveRegistration_ID, identity, , ...)
[2023-02-06 13:06:43] - Binding column: Ejb3Column{table=org.hibernate.mapping.Table(aprove_details), mappingColumn=address, insertable=true, updatable=true, unique=false}
[2023-02-06 13:06:43] - MetadataSourceProcessor property address with lazy=false
[2023-02-06 13:06:43] - Attempting to locate auto-apply AttributeConverter for property [com.SchoolApp.Entity.AproveDetails:address]
[2023-02-06 13:06:43] - building SimpleValue for address
[2023-02-06 13:06:43] - Building property address
[2023-02-06 13:06:43] - Binding column: Ejb3Column{table=org.hibernate.mapping.Table(aprove_details), mappingColumn=approved, insertable=true, updatable=true, unique=false}
[2023-02-06 13:06:43] - MetadataSourceProcessor property approved with lazy=false
[2023-02-06 13:06:43] - Attempting to locate auto-apply AttributeConverter for property [com.SchoolApp.Entity.AproveDetails:approved]
[2023-02-06 13:06:43] - building SimpleValue for approved
[2023-02-06 13:06:43] - Building property approved
[2023-02-06 13:06:43] - Binding column: Ejb3Column{table=org.hibernate.mapping.Table(aprove_details), mappingColumn=city, insertable=true, updatable=true, unique=false}
[2023-02-06 13:06:43] - MetadataSourceProcessor property city with lazy=false
[2023-02-06 13:06:43] - Attempting to locate auto-apply AttributeConverter for property [com.SchoolApp.Entity.AproveDetails:city]
[2023-02-06 13:06:43] - building SimpleValue for city
[2023-02-06 13:06:43] - Building property city
[2023-02-06 13:06:43] - Binding column: Ejb3Column{table=org.hibernate.mapping.Table(aprove_details), mappingColumn=country, insertable=true, updatable=true, unique=false}
[2023-02-06 13:06:43] - MetadataSourceProcessor property country with lazy=false
[2023-02-06 13:06:43] - Attempting to locate auto-apply AttributeConverter for property [com.SchoolApp.Entity.AproveDetails:country]
[2023-02-06 13:06:43] - building SimpleValue for country
[2023-02-06 13:06:43] - Building property country
[2023-02-06 13:06:43] - Binding column: Ejb3Column{table=org.hibernate.mapping.Table(aprove_details), mappingColumn=email_address, insertable=true, updatable=true, unique=false}
[2023-02-06 13:06:43] - MetadataSourceProcessor property email_Address with lazy=false
[2023-02-06 13:06:43] - Attempting to locate auto-apply AttributeConverter for property [com.SchoolApp.Entity.AproveDetails:email_Address]
[2023-02-06 13:06:43] - building SimpleValue for email_Address
[2023-02-06 13:06:43] - Building property email_Address
[2023-02-06 13:06:43] - Binding column: Ejb3Column{table=org.hibernate.mapping.Table(aprove_details), mappingColumn=parent_name, insertable=true, updatable=true, unique=false}
[2023-02-06 13:06:43] - MetadataSourceProcessor property parent_Name with lazy=false
[2023-02-06 13:06:43] - Attempting to locate auto-apply AttributeConverter for property [com.SchoolApp.Entity.AproveDetails:parent_Name]
[2023-02-06 13:06:43] - building SimpleValue for parent_Name
[2023-02-06 13:06:43] - Building property parent_Name
[2023-02-06 13:06:43] - Binding column: Ejb3Column{table=org.hibernate.mapping.Table(aprove_details), mappingColumn=primary_contact_person_mobile_no, insertable=true, updatable=true, unique=false}
[2023-02-06 13:06:43] - MetadataSourceProcessor property primary_Contact_Person_Mobile_No with lazy=false
[2023-02-06 13:06:43] - Attempting to locate auto-apply AttributeConverter for property [com.SchoolApp.Entity.AproveDetails:primary_Contact_Person_Mobile_No]
[2023-02-06 13:06:43] - building SimpleValue for primary_Contact_Person_Mobile_No
[2023-02-06 13:06:43] - Building property primary_Contact_Person_Mobile_No
[2023-02-06 13:06:43] - Binding column: Ejb3Column{table=org.hibernate.mapping.Table(aprove_details), mappingColumn=primary_contact_person_name, insertable=true, updatable=true, unique=false}
[2023-02-06 13:06:43] - MetadataSourceProcessor property primary_Contact_Person_Name with lazy=false
[2023-02-06 13:06:43] - Attempting to locate auto-apply AttributeConverter for property [com.SchoolApp.Entity.AproveDetails:primary_Contact_Person_Name]
[2023-02-06 13:06:43] - building SimpleValue for primary_Contact_Person_Name
[2023-02-06 13:06:43] - Building property primary_Contact_Person_Name
[2023-02-06 13:06:43] - Binding column: Ejb3Column{table=org.hibernate.mapping.Table(aprove_details), mappingColumn=secondary_contact_person_mobile_no, insertable=true, updatable=true, unique=false}
[2023-02-06 13:06:43] - MetadataSourceProcessor property secondary_Contact_Person_Mobile_No with lazy=false
[2023-02-06 13:06:43] - Attempting to locate auto-apply AttributeConverter for property [com.SchoolApp.Entity.AproveDetails:secondary_Contact_Person_Mobile_No]
[2023-02-06 13:06:43] - building SimpleValue for secondary_Contact_Person_Mobile_No
[2023-02-06 13:06:43] - Building property secondary_Contact_Person_Mobile_No
[2023-02-06 13:06:43] - Binding column: Ejb3Column{table=org.hibernate.mapping.Table(aprove_details), mappingColumn=secondary_contact_person_name, insertable=true, updatable=true, unique=false}
[2023-02-06 13:06:43] - MetadataSourceProcessor property secondary_Contact_Person_Name with lazy=false
[2023-02-06 13:06:43] - Attempting to locate auto-apply AttributeConverter for property [com.SchoolApp.Entity.AproveDetails:secondary_Contact_Person_Name]
[2023-02-06 13:06:43] - building SimpleValue for secondary_Contact_Person_Name
[2023-02-06 13:06:43] - Building property secondary_Contact_Person_Name
[2023-02-06 13:06:43] - Binding column: Ejb3Column{table=org.hibernate.mapping.Table(aprove_details), mappingColumn=state, insertable=true, updatable=true, unique=false}
[2023-02-06 13:06:43] - MetadataSourceProcessor property state with lazy=false
[2023-02-06 13:06:43] - Attempting to locate auto-apply AttributeConverter for property [com.SchoolApp.Entity.AproveDetails:state]
[2023-02-06 13:06:43] - building SimpleValue for state
[2023-02-06 13:06:43] - Building property state
[2023-02-06 13:06:43] - Binding column: Ejb3Column{table=org.hibernate.mapping.Table(aprove_details), mappingColumn=student_name, insertable=true, updatable=true, unique=false}
[2023-02-06 13:06:43] - MetadataSourceProcessor property student_Name with lazy=false
[2023-02-06 13:06:43] - Attempting to locate auto-apply AttributeConverter for property [com.SchoolApp.Entity.AproveDetails:student_Name]
[2023-02-06 13:06:43] - building SimpleValue for student_Name
[2023-02-06 13:06:43] - Building property student_Name
[2023-02-06 13:06:43] - Binding column: Ejb3Column{table=org.hibernate.mapping.Table(aprove_details), mappingColumn=student_register_number, insertable=true, updatable=true, unique=false}
[2023-02-06 13:06:43] - MetadataSourceProcessor property student_Register_Number with lazy=false
[2023-02-06 13:06:43] - Attempting to locate auto-apply AttributeConverter for property [com.SchoolApp.Entity.AproveDetails:student_Register_Number]
[2023-02-06 13:06:43] - building SimpleValue for student_Register_Number
[2023-02-06 13:06:43] - Building property student_Register_Number
[2023-02-06 13:06:43] - Binding column: Ejb3Column{table=org.hibernate.mapping.Table(aprove_details), mappingColumn=zip_code, insertable=true, updatable=true, unique=false}
[2023-02-06 13:06:43] - MetadataSourceProcessor property zip_Code with lazy=false
[2023-02-06 13:06:43] - Attempting to locate auto-apply AttributeConverter for property [com.SchoolApp.Entity.AproveDetails:zip_Code]
[2023-02-06 13:06:43] - building SimpleValue for zip_Code
[2023-02-06 13:06:43] - Building property zip_Code
[2023-02-06 13:06:43] - Binding entity from annotated class: com.SchoolApp.Entity.Parent
[2023-02-06 13:06:43] - Binding column: Ejb3DiscriminatorColumn{logicalColumnName'DTYPE', discriminatorTypeName='string'}
[2023-02-06 13:06:43] - Import with entity name Parent
[2023-02-06 13:06:43] - Bind entity com.SchoolApp.Entity.Parent on table parent
[2023-02-06 13:06:43] - Binding column: Ejb3Column{table=org.hibernate.mapping.Table(parent), mappingColumn=registration_id, insertable=true, updatable=true, unique=false}
[2023-02-06 13:06:43] - Not known whether passed class name [com.SchoolApp.Entity.Parent] is safe
[2023-02-06 13:06:43] - No temp ClassLoader provided; using live ClassLoader for loading potentially unsafe class : com.SchoolApp.Entity.Parent
[2023-02-06 13:06:43] - MetadataSourceProcessor property registration_ID with lazy=false
[2023-02-06 13:06:43] - Attempting to locate auto-apply AttributeConverter for property [com.SchoolApp.Entity.Parent:registration_ID]
[2023-02-06 13:06:43] - building SimpleValue for registration_ID
[2023-02-06 13:06:43] - Building property registration_ID
[2023-02-06 13:06:43] - #makeIdGenerator(org.hibernate.mapping.SimpleValue([org.hibernate.mapping.Column(registration_id)]), registration_ID, identity, , ...)
[2023-02-06 13:06:43] - Binding column: Ejb3Column{table=org.hibernate.mapping.Table(parent), mappingColumn=address, insertable=true, updatable=true, unique=false}
[2023-02-06 13:06:43] - MetadataSourceProcessor property address with lazy=false
[2023-02-06 13:06:43] - Attempting to locate auto-apply AttributeConverter for property [com.SchoolApp.Entity.Parent:address]
[2023-02-06 13:06:43] - building SimpleValue for address
[2023-02-06 13:06:43] - Building property address
[2023-02-06 13:06:43] - Binding column: Ejb3Column{table=org.hibernate.mapping.Table(parent), mappingColumn=city, insertable=true, updatable=true, unique=false}
