[2023-02-06 13:06:44] - Binding column: Ejb3Column{table=org.hibernate.mapping.Table(user), mappingColumn=user_last_name, insertable=true, updatable=true, unique=false}
[2023-02-06 13:06:44] - MetadataSourceProcessor property userLastName with lazy=false
[2023-02-06 13:06:44] - Attempting to locate auto-apply AttributeConverter for property [com.SchoolApp.Entity.User:userLastName]
[2023-02-06 13:06:44] - building SimpleValue for userLastName
[2023-02-06 13:06:44] - Building property userLastName
[2023-02-06 13:06:44] - Binding column: Ejb3Column{table=org.hibernate.mapping.Table(user), mappingColumn=user_password, insertable=true, updatable=true, unique=false}
[2023-02-06 13:06:44] - MetadataSourceProcessor property userPassword with lazy=false
[2023-02-06 13:06:44] - Attempting to locate auto-apply AttributeConverter for property [com.SchoolApp.Entity.User:userPassword]
[2023-02-06 13:06:44] - building SimpleValue for userPassword
[2023-02-06 13:06:44] - Building property userPassword
[2023-02-06 13:06:44] - Starting fillSimpleValue for ack_ID
[2023-02-06 13:06:44] - Starting fillSimpleValue for acknowledged
[2023-02-06 13:06:44] - Starting fillSimpleValue for information_Text
[2023-02-06 13:06:44] - Starting fillSimpleValue for notification_Date
[2023-02-06 13:06:44] - Starting fillSimpleValue for notification_Posted_By
[2023-02-06 13:06:44] - Starting fillSimpleValue for approveRegistration_ID
[2023-02-06 13:06:44] - Starting fillSimpleValue for address
[2023-02-06 13:06:44] - Starting fillSimpleValue for approved
[2023-02-06 13:06:44] - Starting fillSimpleValue for city
[2023-02-06 13:06:44] - Starting fillSimpleValue for country
[2023-02-06 13:06:44] - Starting fillSimpleValue for email_Address
[2023-02-06 13:06:44] - Starting fillSimpleValue for parent_Name
[2023-02-06 13:06:44] - Starting fillSimpleValue for primary_Contact_Person_Mobile_No
[2023-02-06 13:06:44] - Starting fillSimpleValue for primary_Contact_Person_Name
[2023-02-06 13:06:44] - Starting fillSimpleValue for secondary_Contact_Person_Mobile_No
[2023-02-06 13:06:44] - Starting fillSimpleValue for secondary_Contact_Person_Name
[2023-02-06 13:06:44] - Starting fillSimpleValue for state
[2023-02-06 13:06:44] - Starting fillSimpleValue for student_Name
[2023-02-06 13:06:44] - Starting fillSimpleValue for student_Register_Number
[2023-02-06 13:06:44] - Starting fillSimpleValue for zip_Code
[2023-02-06 13:06:44] - Starting fillSimpleValue for registration_ID
[2023-02-06 13:06:44] - Starting fillSimpleValue for address
[2023-02-06 13:06:44] - Starting fillSimpleValue for city
[2023-02-06 13:06:44] - Starting fillSimpleValue for country
[2023-02-06 13:06:44] - Starting fillSimpleValue for email_Address
[2023-02-06 13:06:44] - Starting fillSimpleValue for parent_Name
[2023-02-06 13:06:44] - Starting fillSimpleValue for primary_Contact_Person_Mobile_No
[2023-02-06 13:06:44] - Starting fillSimpleValue for primary_Contact_Person_Name
[2023-02-06 13:06:44] - Starting fillSimpleValue for secondary_Contact_Person_Mobile_No
[2023-02-06 13:06:44] - Starting fillSimpleValue for secondary_Contact_Person_Name
[2023-02-06 13:06:44] - Starting fillSimpleValue for state
[2023-02-06 13:06:44] - Starting fillSimpleValue for student_Name
[2023-02-06 13:06:44] - Starting fillSimpleValue for student_Register_Number
[2023-02-06 13:06:44] - Starting fillSimpleValue for zip_Code
[2023-02-06 13:06:44] - Starting fillSimpleValue for roleName
[2023-02-06 13:06:44] - Starting fillSimpleValue for roleDescription
[2023-02-06 13:06:44] - Starting fillSimpleValue for staff_ID
[2023-02-06 13:06:44] - Starting fillSimpleValue for information_Text
[2023-02-06 13:06:44] - Starting fillSimpleValue for notification_Date
[2023-02-06 13:06:44] - Starting fillSimpleValue for notification_Posted_By
[2023-02-06 13:06:44] - Starting fillSimpleValue for userName
[2023-02-06 13:06:44] - Starting fillSimpleValue for userFirstName
[2023-02-06 13:06:44] - Starting fillSimpleValue for userLastName
[2023-02-06 13:06:44] - Starting fillSimpleValue for userPassword
[2023-02-06 13:06:44] - Forcing column [ack_id] to be non-null as it is part of the primary key for table [acknowledged_details]
[2023-02-06 13:06:44] - Forcing column [approve_registration_id] to be non-null as it is part of the primary key for table [aprove_details]
[2023-02-06 13:06:44] - Forcing column [registration_id] to be non-null as it is part of the primary key for table [parent]
[2023-02-06 13:06:44] - Forcing column [role_name] to be non-null as it is part of the primary key for table [role]
[2023-02-06 13:06:44] - Forcing column [staff_id] to be non-null as it is part of the primary key for table [staff]
[2023-02-06 13:06:44] - Forcing column [user_name] to be non-null as it is part of the primary key for table [user]
[2023-02-06 13:06:44] - Second pass for collection: com.SchoolApp.Entity.User.role
[2023-02-06 13:06:44] - Binding as ManyToMany: com.SchoolApp.Entity.User.role
[2023-02-06 13:06:44] - Forcing column [user_id] to be non-null as it is part of the primary key for table [user_role]
[2023-02-06 13:06:44] - Forcing column [role_id] to be non-null as it is part of the primary key for table [user_role]
[2023-02-06 13:06:44] - Mapped collection key: user_id, element: role_id
[2023-02-06 13:06:44] - Resolving reference to class: com.SchoolApp.Entity.Parent
[2023-02-06 13:06:44] - Resolving reference to class: com.SchoolApp.Entity.Role
[2023-02-06 13:06:44] - Resolving reference to class: com.SchoolApp.Entity.User
[2023-02-06 13:06:44] - Resolving reference to class: com.SchoolApp.Entity.Parent
[2023-02-06 13:06:44] - Resolving reference to class: com.SchoolApp.Entity.Role
[2023-02-06 13:06:44] - Resolving reference to class: com.SchoolApp.Entity.User
[2023-02-06 13:06:44] - Building session factory
[2023-02-06 13:06:44] - SessionFactory name : null
[2023-02-06 13:06:44] - Automatic flush during beforeCompletion(): enabled
[2023-02-06 13:06:44] - Automatic session close at end of transaction: disabled
[2023-02-06 13:06:44] - Statistics: disabled
[2023-02-06 13:06:44] - Deleted entity synthetic identifier rollback: disabled
[2023-02-06 13:06:44] - Default entity-mode: pojo
[2023-02-06 13:06:44] - Check Nullability in Core (should be disabled when Bean Validation is on): enabled
[2023-02-06 13:06:44] - Allow initialization of lazy state outside session : disabled
[2023-02-06 13:06:44] - Using BatchFetchStyle : LEGACY
[2023-02-06 13:06:44] - Default batch fetch size: -1
[2023-02-06 13:06:44] - Maximum outer join fetch depth: 2
[2023-02-06 13:06:44] - Default null ordering: NONE
[2023-02-06 13:06:44] - Order SQL updates by primary key: disabled
[2023-02-06 13:06:44] - Order SQL inserts for batching: disabled
[2023-02-06 13:06:44] - multi-tenancy strategy : NONE
[2023-02-06 13:06:44] - JTA Track by Thread: enabled
[2023-02-06 13:06:44] - Query language substitutions: {}
[2023-02-06 13:06:44] - Named query checking : enabled
[2023-02-06 13:06:44] - Second-level cache: disabled
[2023-02-06 13:06:44] - Second-level query cache: disabled
[2023-02-06 13:06:44] - Second-level query cache factory: null
[2023-02-06 13:06:44] - Second-level cache region prefix: null
[2023-02-06 13:06:44] - Optimize second-level cache for minimal puts: disabled
[2023-02-06 13:06:44] - Structured second-level cache entries: disabled
[2023-02-06 13:06:44] - Second-level cache direct-reference entries: disabled
[2023-02-06 13:06:44] - Automatic eviction of collection cache: disabled
[2023-02-06 13:06:44] - JDBC batch size: 15
[2023-02-06 13:06:44] - JDBC batch updates for versioned data: enabled
[2023-02-06 13:06:44] - Scrollable result sets: enabled
[2023-02-06 13:06:44] - Wrap result sets: disabled
[2023-02-06 13:06:44] - JDBC3 getGeneratedKeys(): enabled
[2023-02-06 13:06:44] - JDBC result set fetch size: null
[2023-02-06 13:06:44] - Connection release mode: ON_CLOSE
[2023-02-06 13:06:44] - Generate SQL with comments: disabled
[2023-02-06 13:06:44] - JPA compliance - query : disabled
[2023-02-06 13:06:44] - JPA compliance - closed-handling : disabled
[2023-02-06 13:06:44] - JPA compliance - lists : disabled
[2023-02-06 13:06:44] - JPA compliance - transactions : disabled
[2023-02-06 13:06:44] - EventListenerRegistry access via ServiceRegistry is deprecated.  Use `sessionFactory.getEventEngine().getListenerRegistry()` instead
[2023-02-06 13:06:44] - EventListenerRegistry access via ServiceRegistry is deprecated.  Use `sessionFactory.getEventEngine().getListenerRegistry()` instead
[2023-02-06 13:06:45] - Session factory constructed with filter configurations : {}
[2023-02-06 13:06:45] - Instantiating session factory with properties: {hibernate.id.new_generator_mappings=true, java.specification.version=17, sun.cpu.isalist=amd64, hibernate.resource.beans.container=org.springframework.orm.hibernate5.SpringBeanContainer@686e7513, hibernate.connection.handling_mode=DELAYED_ACQUISITION_AND_HOLD, sun.jnu.encoding=Cp1252, hibernate.dialect=org.hibernate.dialect.MySQL8Dialect, hibernate.implicit_naming_strategy=org.springframework.boot.orm.jpa.hibernate.SpringImplicitNamingStrategy, java.class.path=E:\stsproject\SchoolApp\target\classes;C:\Users\Dell\.m2\repository\org\springframework\boot\spring-boot-starter-data-jpa\2.7.8\spring-boot-starter-data-jpa-2.7.8.jar;C:\Users\Dell\.m2\repository\org\springframework\boot\spring-boot-starter-aop\2.7.8\spring-boot-starter-aop-2.7.8.jar;C:\Users\Dell\.m2\repository\org\aspectj\aspectjweaver\1.9.7\aspectjweaver-1.9.7.jar;C:\Users\Dell\.m2\repository\org\springframework\boot\spring-boot-starter-jdbc\2.7.8\spring-boot-starter-jdbc-2.7.8.jar;C:\Users\Dell\.m2\repository\com\zaxxer\HikariCP\4.0.3\HikariCP-4.0.3.jar;C:\Users\Dell\.m2\repository\org\springframework\spring-jdbc\5.3.25\spring-jdbc-5.3.25.jar;C:\Users\Dell\.m2\repository\jakarta\transaction\jakarta.transaction-api\1.3.3\jakarta.transaction-api-1.3.3.jar;C:\Users\Dell\.m2\repository\jakarta\persistence\jakarta.persistence-api\2.2.3\jakarta.persistence-api-2.2.3.jar;C:\Users\Dell\.m2\repository\org\hibernate\hibernate-core\5.6.14.Final\hibernate-core-5.6.14.Final.jar;C:\Users\Dell\.m2\repository\org\jboss\logging\jboss-logging\3.4.3.Final\jboss-logging-3.4.3.Final.jar;C:\Users\Dell\.m2\repository\net\bytebuddy\byte-buddy\1.12.22\byte-buddy-1.12.22.jar;C:\Users\Dell\.m2\repository\antlr\antlr\2.7.7\antlr-2.7.7.jar;C:\Users\Dell\.m2\repository\org\jboss\jandex\2.4.2.Final\jandex-2.4.2.Final.jar;C:\Users\Dell\.m2\repository\com\fasterxml\classmate\1.5.1\classmate-1.5.1.jar;C:\Users\Dell\.m2\repository\org\hibernate\common\hibernate-commons-annotations\5.1.2.Final\hibernate-commons-annotations-5.1.2.Final.jar;C:\Users\Dell\.m2\repository\org\glassfish\jaxb\jaxb-runtime\2.3.7\jaxb-runtime-2.3.7.jar;C:\Users\Dell\.m2\repository\org\glassfish\jaxb\txw2\2.3.7\txw2-2.3.7.jar;C:\Users\Dell\.m2\repository\com\sun\istack\istack-commons-runtime\3.0.12\istack-commons-runtime-3.0.12.jar;C:\Users\Dell\.m2\repository\com\sun\activation\jakarta.activation\1.2.2\jakarta.activation-1.2.2.jar;C:\Users\Dell\.m2\repository\org\springframework\data\spring-data-jpa\2.7.7\spring-data-jpa-2.7.7.jar;C:\Users\Dell\.m2\repository\org\springframework\data\spring-data-commons\2.7.7\spring-data-commons-2.7.7.jar;C:\Users\Dell\.m2\repository\org\springframework\spring-orm\5.3.25\spring-orm-5.3.25.jar;C:\Users\Dell\.m2\repository\org\springframework\spring-context\5.3.25\spring-context-5.3.25.jar;C:\Users\Dell\.m2\repository\org\springframework\spring-tx\5.3.25\spring-tx-5.3.25.jar;C:\Users\Dell\.m2\repository\org\springframework\spring-beans\5.3.25\spring-beans-5.3.25.jar;C:\Users\Dell\.m2\repository\org\slf4j\slf4j-api\1.7.36\slf4j-api-1.7.36.jar;C:\Users\Dell\.m2\repository\org\springframework\spring-aspects\5.3.25\spring-aspects-5.3.25.jar;C:\Users\Dell\.m2\repository\org\springframework\boot\spring-boot-starter-web\2.7.8\spring-boot-starter-web-2.7.8.jar;C:\Users\Dell\.m2\repository\org\springframework\boot\spring-boot-starter\2.7.8\spring-boot-starter-2.7.8.jar;C:\Users\Dell\.m2\repository\org\springframework\boot\spring-boot\2.7.8\spring-boot-2.7.8.jar;C:\Users\Dell\.m2\repository\org\springframework\boot\spring-boot-autoconfigure\2.7.8\spring-boot-autoconfigure-2.7.8.jar;C:\Users\Dell\.m2\repository\org\springframework\boot\spring-boot-starter-logging\2.7.8\spring-boot-starter-logging-2.7.8.jar;C:\Users\Dell\.m2\repository\ch\qos\logback\logback-classic\1.2.11\logback-classic-1.2.11.jar;C:\Users\Dell\.m2\repository\ch\qos\logback\logback-core\1.2.11\logback-core-1.2.11.jar;C:\Users\Dell\.m2\repository\org\apache\logging\log4j\log4j-to-slf4j\2.17.2\log4j-to-slf4j-2.17.2.jar;C:\Users\Dell\.m2\repository\org\apache\logging\log4j\log4j-api\2.17.2\log4j-api-2.17.2.jar;C:\Users\Dell\.m2\repository\org\slf4j\jul-to-slf4j\1.7.36\jul-to-slf4j-1.7.36.jar;C:\Users\Dell\.m2\repository\jakarta\annotation\jakarta.annotation-api\1.3.5\jakarta.annotation-api-1.3.5.jar;C:\Users\Dell\.m2\repository\org\yaml\snakeyaml\1.30\snakeyaml-1.30.jar;C:\Users\Dell\.m2\repository\org\springframework\boot\spring-boot-starter-json\2.7.8\spring-boot-starter-json-2.7.8.jar;C:\Users\Dell\.m2\repository\com\fasterxml\jackson\datatype\jackson-datatype-jdk8\2.13.4\jackson-datatype-jdk8-2.13.4.jar;C:\Users\Dell\.m2\repository\com\fasterxml\jackson\datatype\jackson-datatype-jsr310\2.13.4\jackson-datatype-jsr310-2.13.4.jar;C:\Users\Dell\.m2\repository\com\fasterxml\jackson\module\jackson-module-parameter-names\2.13.4\jackson-module-parameter-names-2.13.4.jar;C:\Users\Dell\.m2\repository\org\springframework\boot\spring-boot-starter-tomcat\2.7.8\spring-boot-starter-tomcat-2.7.8.jar;C:\Users\Dell\.m2\repository\org\apache\tomcat\embed\tomcat-embed-core\9.0.71\tomcat-embed-core-9.0.71.jar;C:\Users\Dell\.m2\repository\org\apache\tomcat\embed\tomcat-embed-websocket\9.0.71\tomcat-embed-websocket-9.0.71.jar;C:\Users\Dell\.m2\repository\org\springframework\spring-web\5.3.25\spring-web-5.3.25.jar;C:\Users\Dell\.m2\repository\org\springframework\spring-webmvc\5.3.25\spring-webmvc-5.3.25.jar;C:\Users\Dell\.m2\repository\org\springframework\spring-expression\5.3.25\spring-expression-5.3.25.jar;C:\Users\Dell\.m2\repository\org\springframework\boot\spring-boot-starter-validation\2.7.8\spring-boot-starter-validation-2.7.8.jar;C:\Users\Dell\.m2\repository\org\apache\tomcat\embed\tomcat-embed-el\9.0.71\tomcat-embed-el-9.0.71.jar;C:\Users\Dell\.m2\repository\org\hibernate\validator\hibernate-validator\6.2.5.Final\hibernate-validator-6.2.5.Final.jar;C:\Users\Dell\.m2\repository\jakarta\validation\jakarta.validation-api\2.0.2\jakarta.validation-api-2.0.2.jar;C:\Users\Dell\.m2\repository\jakarta\xml\bind\jakarta.xml.bind-api\2.3.3\jakarta.xml.bind-api-2.3.3.jar;C:\Users\Dell\.m2\repository\jakarta\activation\jakarta.activation-api\1.2.2\jakarta.activation-api-1.2.2.jar;C:\Users\Dell\.m2\repository\org\springframework\spring-core\5.3.25\spring-core-5.3.25.jar;C:\Users\Dell\.m2\repository\org\springframework\spring-jcl\5.3.25\spring-jcl-5.3.25.jar;C:\Users\Dell\.m2\repository\com\mysql\mysql-connector-j\8.0.32\mysql-connector-j-8.0.32.jar;C:\Users\Dell\.m2\repository\org\springframework\boot\spring-boot-starter-security\2.7.8\spring-boot-starter-security-2.7.8.jar;C:\Users\Dell\.m2\repository\org\springframework\spring-aop\5.3.25\spring-aop-5.3.25.jar;C:\Users\Dell\.m2\repository\org\springframework\security\spring-security-config\5.7.6\spring-security-config-5.7.6.jar;C:\Users\Dell\.m2\repository\org\springframework\security\spring-security-core\5.7.6\spring-security-core-5.7.6.jar;C:\Users\Dell\.m2\repository\org\springframework\security\spring-security-crypto\5.7.6\spring-security-crypto-5.7.6.jar;C:\Users\Dell\.m2\repository\org\springframework\security\spring-security-web\5.7.6\spring-security-web-5.7.6.jar;C:\Users\Dell\.m2\repository\io\jsonwebtoken\jjwt\0.9.1\jjwt-0.9.1.jar;C:\Users\Dell\.m2\repository\com\fasterxml\jackson\core\jackson-databind\2.13.4.2\jackson-databind-2.13.4.2.jar;C:\Users\Dell\.m2\repository\com\fasterxml\jackson\core\jackson-annotations\2.13.4\jackson-annotations-2.13.4.jar;C:\Users\Dell\.m2\repository\com\fasterxml\jackson\core\jackson-core\2.13.4\jackson-core-2.13.4.jar;C:\Users\Dell\.m2\repository\org\springframework\boot\spring-boot-starter-webflux\2.7.8\spring-boot-starter-webflux-2.7.8.jar;C:\Users\Dell\.m2\repository\org\springframework\boot\spring-boot-starter-reactor-netty\2.7.8\spring-boot-starter-reactor-netty-2.7.8.jar;C:\Users\Dell\.m2\repository\io\projectreactor\netty\reactor-netty-http\1.0.27\reactor-netty-http-1.0.27.jar;C:\Users\Dell\.m2\repository\io\netty\netty-codec-http\4.1.87.Final\netty-codec-http-4.1.87.Final.jar;C:\Users\Dell\.m2\repository\io\netty\netty-common\4.1.87.Final\netty-common-4.1.87.Final.jar;C:\Users\Dell\.m2\repository\io\netty\netty-buffer\4.1.87.Final\netty-buffer-4.1.87.Final.jar;C:\Users\Dell\.m2\repository\io\netty\netty-transport\4.1.87.Final\netty-transport-4.1.87.Final.jar;C:\Users\Dell\.m2\repository\io\netty\netty-codec\4.1.87.Final\netty-codec-4.1.87.Final.jar;C:\Users\Dell\.m2\repository\io\netty\netty-handler\4.1.87.Final\netty-handler-4.1.87.Final.jar;C:\Users\Dell\.m2\repository\io\netty\netty-codec-http2\4.1.87.Final\netty-codec-http2-4.1.87.Final.jar;C:\Users\Dell\.m2\repository\io\netty\netty-resolver-dns\4.1.87.Final\netty-resolver-dns-4.1.87.Final.jar;C:\Users\Dell\.m2\repository\io\netty\netty-resolver\4.1.87.Final\netty-resolver-4.1.87.Final.jar;C:\Users\Dell\.m2\repository\io\netty\netty-codec-dns\4.1.87.Final\netty-codec-dns-4.1.87.Final.jar;C:\Users\Dell\.m2\repository\io\netty\netty-resolver-dns-native-macos\4.1.87.Final\netty-resolver-dns-native-macos-4.1.87.Final-osx-x86_64.jar;C:\Users\Dell\.m2\repository\io\netty\netty-resolver-dns-classes-macos\4.1.87.Final\netty-resolver-dns-classes-macos-4.1.87.Final.jar;C:\Users\Dell\.m2\repository\io\netty\netty-transport-native-epoll\4.1.87.Final\netty-transport-native-epoll-4.1.87.Final-linux-x86_64.jar;C:\Users\Dell\.m2\repository\io\netty\netty-transport-native-unix-common\4.1.87.Final\netty-transport-native-unix-common-4.1.87.Final.jar;C:\Users\Dell\.m2\repository\io\netty\netty-transport-classes-epoll\4.1.87.Final\netty-transport-classes-epoll-4.1.87.Final.jar;C:\Users\Dell\.m2\repository\io\projectreactor\netty\reactor-netty-core\1.0.27\reactor-netty-core-1.0.27.jar;C:\Users\Dell\.m2\repository\io\netty\netty-handler-proxy\4.1.87.Final\netty-handler-proxy-4.1.87.Final.jar;C:\Users\Dell\.m2\repository\io\netty\netty-codec-socks\4.1.87.Final\netty-codec-socks-4.1.87.Final.jar;C:\Users\Dell\.m2\repository\org\springframework\spring-webflux\5.3.25\spring-webflux-5.3.25.jar;C:\Users\Dell\.m2\repository\io\projectreactor\reactor-core\3.4.26\reactor-core-3.4.26.jar;C:\Users\Dell\.m2\repository\org\reactivestreams\reactive-streams\1.0.4\reactive-streams-1.0.4.jar;C:\Users\Dell\.m2\repository\org\projectlombok\lombok\1.18.24\lombok-1.18.24.jar, java.vm.vendor=Eclipse Adoptium, sun.arch.data.model=64, user.variant=, java.vendor.url=https://adoptium.net/, catalina.useNaming=false, user.timezone=Asia/Calcutta, jakarta.persistence.sharedCache.mode=UNSPECIFIED, java.vm.specification.version=17, os.name=Windows 10, javax.persistence.validation.mode=AUTO, jakarta.persistence.nonJtaDataSource=HikariDataSource (HikariPool-1), sun.java.launcher=SUN_STANDARD, user.country=US, sun.boot.library.path=E:\sts-4.15.1.RELEASE\plugins\org.eclipse.justj.openjdk.hotspot.jre.full.win32.x86_64_17.0.3.v20220515-1416\jre\bin, sun.java.command=com.SchoolApp.SchoolAppApplication, javax.persistence.nonJtaDataSource=HikariDataSource (HikariPool-1), hibernate.transaction.jta.platform=org.hibernate.engine.transaction.jta.platform.internal.NoJtaPlatform@47eae91d, javax.persistence.sharedCache.mode=UNSPECIFIED, jdk.debug=release, sun.cpu.endian=little, user.home=C:\Users\Dell, user.language=en, java.specification.vendor=Oracle Corporation, java.version.date=2022-04-19, java.home=E:\sts-4.15.1.RELEASE\plugins\org.eclipse.justj.openjdk.hotspot.jre.full.win32.x86_64_17.0.3.v20220515-1416\jre, file.separator=\, java.vm.compressedOopsMode=32-bit, line.separator=
, hibernate.persistenceUnitName=default, java.vm.specification.vendor=Oracle Corporation, java.specification.name=Java Platform API Specification, FILE_LOG_CHARSET=UTF-8, hibernate.transaction.coordinator_class=class org.hibernate.resource.transaction.backend.jdbc.internal.JdbcResourceLocalTransactionCoordinatorBuilderImpl, java.awt.headless=true, jakarta.persistence.validation.mode=AUTO, hibernate.hbm2ddl.auto=update, user.script=, sun.management.compiler=HotSpot 64-Bit Tiered Compilers, java.runtime.version=17.0.3+7, user.name=Dell, path.separator=;, os.version=10.0, java.runtime.name=OpenJDK Runtime Environment, file.encoding=UTF-8, hibernate.ejb.persistenceUnitName=default, spring.beaninfo.ignore=true, java.vm.name=OpenJDK 64-Bit Server VM, hibernate.show_sql=true, java.vendor.version=Temurin-17.0.3+7, java.vendor.url.bug=https://github.com/adoptium/adoptium-support/issues, java.io.tmpdir=C:\Users\Dell\AppData\Local\Temp\, catalina.home=C:\Users\Dell\AppData\Local\Temp\tomcat.9092.5196844193929299289, java.version=17.0.3, hibernate.physical_naming_strategy=org.hibernate.boot.model.naming.CamelCaseToUnderscoresNamingStrategy, user.dir=E:\stsproject\SchoolApp, os.arch=amd64, java.vm.specification.name=Java Virtual Machine Specification, PID=3508, sun.os.patch.level=, CONSOLE_LOG_CHARSET=UTF-8, catalina.base=C:\Users\Dell\AppData\Local\Temp\tomcat.9092.5196844193929299289, hibernate.boot.CfgXmlAccessService.key=org.hibernate.boot.registry.StandardServiceRegistryBuilder$1@c1a74d, native.encoding=Cp1252, java.library.path=E:\sts-4.15.1.RELEASE\plugins\org.eclipse.justj.openjdk.hotspot.jre.full.win32.x86_64_17.0.3.v20220515-1416\jre\bin;C:\Windows\Sun\Java\bin;C:\Windows\system32;C:\Windows;E:/sts-4.15.1.RELEASE//plugins/org.eclipse.justj.openjdk.hotspot.jre.full.win32.x86_64_17.0.3.v20220515-1416/jre/bin/server;E:/sts-4.15.1.RELEASE//plugins/org.eclipse.justj.openjdk.hotspot.jre.full.win32.x86_64_17.0.3.v20220515-1416/jre/bin;C:\Program Files (x86)\Common Files\Oracle\Java\javapath;C:\Windows\system32;C:\Windows;C:\Windows\System32\Wbem;C:\Windows\System32\WindowsPowerShell\v1.0\;C:\Windows\System32\OpenSSH\;C:\Program Files\Git\cmd;C:\Program Files\nodejs\;C:\Program Files\MySQL\MySQL Shell 8.0\bin\;C:\Users\Dell\AppData\Local\Microsoft\WindowsApps;;C:\Users\Dell\AppData\Local\Programs\Microsoft VS Code\bin;C:\Users\Dell\AppData\Roaming\npm;E:\sts-4.15.1.RELEASE;;., java.vendor=Eclipse Adoptium, java.vm.info=mixed mode, java.vm.version=17.0.3+7, hibernate.bytecode.use_reflection_optimizer=false, sun.io.unicode.encoding=UnicodeLittle, hibernate.archive.scanner=org.hibernate.boot.archive.scan.internal.DisabledScanner, hibernate.connection.datasource=HikariDataSource (HikariPool-1), java.class.version=61.0}
[2023-02-06 13:06:45] - Trying to load META-INF/validation.xml for XML based Validator configuration.
[2023-02-06 13:06:45] - Trying to load META-INF/validation.xml via TCCL
[2023-02-06 13:06:45] - Trying to load META-INF/validation.xml via Hibernate Validator's class loader
[2023-02-06 13:06:45] - No META-INF/validation.xml found. Using annotation based configuration only.
[2023-02-06 13:06:45] - Found javax.persistence.Persistence on classpath containing 'getPersistenceUtil'. Assuming JPA 2 environment. Trying to instantiate JPA aware TraversableResolver
[2023-02-06 13:06:45] - Instantiated JPA aware TraversableResolver of type org.hibernate.validator.internal.engine.resolver.JPATraversableResolver.
[2023-02-06 13:06:45] - Loaded expression factory via original TCCL
[2023-02-06 13:06:45] - HV000252: Using org.hibernate.validator.internal.engine.DefaultPropertyNodeNameProvider as property node name provider.
[2023-02-06 13:06:45] - HV000234: Using org.hibernate.validator.messageinterpolation.ResourceBundleMessageInterpolator as ValidatorFactory-scoped message interpolator.
[2023-02-06 13:06:45] - HV000234: Using org.hibernate.validator.internal.engine.resolver.JPATraversableResolver as ValidatorFactory-scoped traversable resolver.
[2023-02-06 13:06:45] - HV000234: Using org.hibernate.validator.internal.util.ExecutableParameterNameProvider as ValidatorFactory-scoped parameter name provider.
[2023-02-06 13:06:45] - HV000234: Using org.hibernate.validator.internal.engine.DefaultClockProvider as ValidatorFactory-scoped clock provider.
[2023-02-06 13:06:45] - HV000234: Using org.hibernate.validator.internal.engine.scripting.DefaultScriptEvaluatorFactory as ValidatorFactory-scoped script evaluator factory.
[2023-02-06 13:06:45] - Not known whether passed class name [com.SchoolApp.Entity.Role] is safe
