[2023-02-06 13:07:31] - Creating shared instance of singleton bean 'delegatingApplicationListener'
[2023-02-06 13:07:31] - Creating shared instance of singleton bean 'springSecurityFilterChain'
[2023-02-06 13:07:31] - Creating shared instance of singleton bean 'mvcHandlerMappingIntrospector'
[2023-02-06 13:07:31] - Creating shared instance of singleton bean 'welcomePageHandlerMapping'
[2023-02-06 13:07:31] - Creating shared instance of singleton bean 'mvcConversionService'
[2023-02-06 13:07:31] - Creating shared instance of singleton bean 'mvcResourceUrlProvider'
[2023-02-06 13:07:31] - Autowiring by type from bean name 'welcomePageHandlerMapping' via factory method to bean named 'org.springframework.boot.web.servlet.context.AnnotationConfigServletWebServerApplicationContext@2f7a7219'
[2023-02-06 13:07:31] - Autowiring by type from bean name 'welcomePageHandlerMapping' via factory method to bean named 'mvcConversionService'
[2023-02-06 13:07:31] - Autowiring by type from bean name 'welcomePageHandlerMapping' via factory method to bean named 'mvcResourceUrlProvider'
[2023-02-06 13:07:31] - Creating shared instance of singleton bean 'requestMappingHandlerMapping'
[2023-02-06 13:07:31] - Autowiring by type from bean name 'requestMappingHandlerMapping' via factory method to bean named 'mvcContentNegotiationManager'
[2023-02-06 13:07:31] - Autowiring by type from bean name 'requestMappingHandlerMapping' via factory method to bean named 'mvcConversionService'
[2023-02-06 13:07:31] - Autowiring by type from bean name 'requestMappingHandlerMapping' via factory method to bean named 'mvcResourceUrlProvider'
[2023-02-06 13:07:31] - 
	c.S.C.AcknowledgedDetailsController:
	{PUT [/acknowledgeDetails]}: acknowledgeDetails(AcknowledgedDetails)
[2023-02-06 13:07:31] - 
	c.S.C.AproveDetailsController:
	{PUT [/approve]}: updateDetails(AproveDetails)
[2023-02-06 13:07:31] - 
	c.S.C.JwtController:
	{POST [/authenticate]}: createJwtToken(JwtRequest)
[2023-02-06 13:07:31] - 
	c.S.C.ParentController:
	{GET [/getAllParentDetail]}: getAllParentDetails()
	{PUT [/updateParentDetail]}: updateParentDetail(Parent)
	{POST [/addParentDetail]}: addParentDetail(Parent)
[2023-02-06 13:07:31] - 
	c.S.C.RoleController:
	{POST [/{createNewRole}]}: createNewRole(Role)
[2023-02-06 13:07:31] - 
	c.S.C.StaffController:
	{POST [/createCircular]}: createCircular(Staff)
	{GET [/getAllCircular]}: getAllCircular()
[2023-02-06 13:07:31] - 
	c.S.C.UserController:
	{POST [/registerNewUser]}: registerNewUser(User)
[2023-02-06 13:07:31] - 
	o.s.b.a.w.s.e.BasicErrorController:
	{ [/error]}: error(HttpServletRequest)
	{ [/error], produces [text/html]}: errorHtml(HttpServletRequest,HttpServletResponse)
[2023-02-06 13:07:31] - 12 mappings in 'requestMappingHandlerMapping'
[2023-02-06 13:07:31] - Creating shared instance of singleton bean 'viewControllerHandlerMapping'
[2023-02-06 13:07:31] - Autowiring by type from bean name 'viewControllerHandlerMapping' via factory method to bean named 'mvcConversionService'
[2023-02-06 13:07:31] - Autowiring by type from bean name 'viewControllerHandlerMapping' via factory method to bean named 'mvcResourceUrlProvider'
[2023-02-06 13:07:31] - Creating shared instance of singleton bean 'beanNameHandlerMapping'
[2023-02-06 13:07:31] - Autowiring by type from bean name 'beanNameHandlerMapping' via factory method to bean named 'mvcConversionService'
[2023-02-06 13:07:31] - Autowiring by type from bean name 'beanNameHandlerMapping' via factory method to bean named 'mvcResourceUrlProvider'
[2023-02-06 13:07:31] - 'beanNameHandlerMapping' {}
[2023-02-06 13:07:31] - Creating shared instance of singleton bean 'routerFunctionMapping'
[2023-02-06 13:07:31] - Autowiring by type from bean name 'routerFunctionMapping' via factory method to bean named 'mvcConversionService'
[2023-02-06 13:07:31] - Autowiring by type from bean name 'routerFunctionMapping' via factory method to bean named 'mvcResourceUrlProvider'
[2023-02-06 13:07:31] - Creating shared instance of singleton bean 'messageConverters'
[2023-02-06 13:07:31] - Creating shared instance of singleton bean 'org.springframework.boot.autoconfigure.http.HttpMessageConvertersAutoConfiguration'
[2023-02-06 13:07:31] - Creating shared instance of singleton bean 'stringHttpMessageConverter'
[2023-02-06 13:07:31] - Creating shared instance of singleton bean 'org.springframework.boot.autoconfigure.http.HttpMessageConvertersAutoConfiguration$StringHttpMessageConverterConfiguration'
[2023-02-06 13:07:31] - Autowiring by type from bean name 'stringHttpMessageConverter' via factory method to bean named 'environment'
[2023-02-06 13:07:31] - Creating shared instance of singleton bean 'mappingJackson2HttpMessageConverter'
[2023-02-06 13:07:31] - Creating shared instance of singleton bean 'org.springframework.boot.autoconfigure.http.JacksonHttpMessageConvertersConfiguration$MappingJackson2HttpMessageConverterConfiguration'
[2023-02-06 13:07:31] - Creating shared instance of singleton bean 'jacksonObjectMapper'
[2023-02-06 13:07:31] - Creating shared instance of singleton bean 'org.springframework.boot.autoconfigure.jackson.JacksonAutoConfiguration$JacksonObjectMapperConfiguration'
[2023-02-06 13:07:31] - Creating shared instance of singleton bean 'org.springframework.boot.autoconfigure.jackson.JacksonAutoConfiguration$JacksonObjectMapperBuilderConfiguration'
[2023-02-06 13:07:31] - Creating shared instance of singleton bean 'standardJacksonObjectMapperBuilderCustomizer'
[2023-02-06 13:07:31] - Creating shared instance of singleton bean 'org.springframework.boot.autoconfigure.jackson.JacksonAutoConfiguration$Jackson2ObjectMapperBuilderCustomizerConfiguration'
[2023-02-06 13:07:31] - Creating shared instance of singleton bean 'spring.jackson-org.springframework.boot.autoconfigure.jackson.JacksonProperties'
[2023-02-06 13:07:31] - Autowiring by type from bean name 'standardJacksonObjectMapperBuilderCustomizer' via factory method to bean named 'org.springframework.boot.web.servlet.context.AnnotationConfigServletWebServerApplicationContext@2f7a7219'
[2023-02-06 13:07:31] - Autowiring by type from bean name 'standardJacksonObjectMapperBuilderCustomizer' via factory method to bean named 'spring.jackson-org.springframework.boot.autoconfigure.jackson.JacksonProperties'
[2023-02-06 13:07:31] - Autowiring by type from bean name 'jacksonObjectMapperBuilder' via factory method to bean named 'org.springframework.boot.web.servlet.context.AnnotationConfigServletWebServerApplicationContext@2f7a7219'
[2023-02-06 13:07:31] - Autowiring by type from bean name 'jacksonObjectMapperBuilder' via factory method to bean named 'standardJacksonObjectMapperBuilderCustomizer'
[2023-02-06 13:07:31] - Creating shared instance of singleton bean 'parameterNamesModule'
[2023-02-06 13:07:31] - Creating shared instance of singleton bean 'org.springframework.boot.autoconfigure.jackson.JacksonAutoConfiguration$ParameterNamesModuleConfiguration'
[2023-02-06 13:07:31] - Creating shared instance of singleton bean 'jsonComponentModule'
[2023-02-06 13:07:31] - Creating shared instance of singleton bean 'org.springframework.boot.autoconfigure.jackson.JacksonAutoConfiguration'
[2023-02-06 13:07:31] - Creating shared instance of singleton bean 'jsonMixinModule'
[2023-02-06 13:07:31] - Autowiring by type from bean name 'jsonMixinModule' via factory method to bean named 'org.springframework.boot.web.servlet.context.AnnotationConfigServletWebServerApplicationContext@2f7a7219'
[2023-02-06 13:07:31] - Creating shared instance of singleton bean 'jacksonGeoModule'
[2023-02-06 13:07:31] - Creating shared instance of singleton bean 'org.springframework.data.web.config.SpringDataJacksonConfiguration'
[2023-02-06 13:07:31] - Autowiring by type from bean name 'jacksonObjectMapper' via factory method to bean named 'jacksonObjectMapperBuilder'
[2023-02-06 13:07:31] - Autowiring by type from bean name 'mappingJackson2HttpMessageConverter' via factory method to bean named 'jacksonObjectMapper'
[2023-02-06 13:07:31] - Creating shared instance of singleton bean 'resourceHandlerMapping'
[2023-02-06 13:07:31] - Autowiring by type from bean name 'resourceHandlerMapping' via factory method to bean named 'mvcContentNegotiationManager'
[2023-02-06 13:07:31] - Autowiring by type from bean name 'resourceHandlerMapping' via factory method to bean named 'mvcConversionService'
[2023-02-06 13:07:31] - Autowiring by type from bean name 'resourceHandlerMapping' via factory method to bean named 'mvcResourceUrlProvider'
[2023-02-06 13:07:31] - 'resourceHandlerMapping' {/webjars/**=ResourceHttpRequestHandler [classpath [META-INF/resources/webjars/]], /**=ResourceHttpRequestHandler [classpath [META-INF/resources/], classpath [resources/], classpath [static/], classpath [public/], ServletContext [/]]}
[2023-02-06 13:07:31] - Creating shared instance of singleton bean 'defaultServletHandlerMapping'
[2023-02-06 13:07:31] - Adding web access control expression [permitAll] for Ant [pattern='/authenticate']
[2023-02-06 13:07:31] - Adding web access control expression [permitAll] for Ant [pattern='/registerNewUser']
[2023-02-06 13:07:31] - Adding web access control expression [permitAll] for Ant [pattern='Allow']
[2023-02-06 13:07:31] - Adding web access control expression [authenticated] for any request
[2023-02-06 13:07:31] - Will secure any request with [org.springframework.security.web.session.DisableEncodeUrlFilter@20f3291d, org.springframework.security.web.context.request.async.WebAsyncManagerIntegrationFilter@2f51b100, org.springframework.security.web.context.SecurityContextPersistenceFilter@6db2a260, org.springframework.security.web.header.HeaderWriterFilter@360e4235, org.springframework.web.filter.CorsFilter@654dbb78, org.springframework.security.web.authentication.logout.LogoutFilter@1dfd6023, com.SchoolApp.Configuration.JwtRequestFilter@44f338ec, org.springframework.security.web.savedrequest.RequestCacheAwareFilter@1df8e685, org.springframework.security.web.servletapi.SecurityContextHolderAwareRequestFilter@6e70861, org.springframework.security.web.authentication.AnonymousAuthenticationFilter@1dba7721, org.springframework.security.web.session.SessionManagementFilter@738153d8, org.springframework.security.web.access.ExceptionTranslationFilter@6e21c6ed, org.springframework.security.web.access.intercept.FilterSecurityInterceptor@f9d8285]
[2023-02-06 13:07:31] - Creating shared instance of singleton bean 'webSecurityExpressionHandler'
[2023-02-06 13:07:31] - Creating shared instance of singleton bean 'privilegeEvaluator'
[2023-02-06 13:07:31] - Creating shared instance of singleton bean 'requestDataValueProcessor'
[2023-02-06 13:07:31] - Creating shared instance of singleton bean 'org.springframework.security.config.annotation.web.configuration.HttpSecurityConfiguration'
[2023-02-06 13:07:31] - Creating shared instance of singleton bean 'preInvocationAuthorizationAdvice'
[2023-02-06 13:07:31] - Creating shared instance of singleton bean 'org.springframework.boot.autoconfigure.context.PropertyPlaceholderAutoConfiguration'
[2023-02-06 13:07:31] - Creating shared instance of singleton bean 'org.springframework.boot.autoconfigure.websocket.servlet.WebSocketServletAutoConfiguration'
[2023-02-06 13:07:31] - Creating shared instance of singleton bean 'org.springframework.boot.autoconfigure.web.servlet.DispatcherServletAutoConfiguration'
[2023-02-06 13:07:31] - Creating shared instance of singleton bean 'org.springframework.boot.autoconfigure.http.codec.CodecsAutoConfiguration$DefaultCodecsConfiguration'
[2023-02-06 13:07:31] - Creating shared instance of singleton bean 'defaultCodecCustomizer'
[2023-02-06 13:07:31] - Creating shared instance of singleton bean 'spring.codec-org.springframework.boot.autoconfigure.codec.CodecProperties'
[2023-02-06 13:07:31] - Autowiring by type from bean name 'defaultCodecCustomizer' via factory method to bean named 'spring.codec-org.springframework.boot.autoconfigure.codec.CodecProperties'
[2023-02-06 13:07:31] - Creating shared instance of singleton bean 'org.springframework.boot.autoconfigure.http.codec.CodecsAutoConfiguration$JacksonCodecConfiguration'
[2023-02-06 13:07:31] - Creating shared instance of singleton bean 'jacksonCodecCustomizer'
[2023-02-06 13:07:31] - Autowiring by type from bean name 'jacksonCodecCustomizer' via factory method to bean named 'jacksonObjectMapper'
[2023-02-06 13:07:31] - Creating shared instance of singleton bean 'org.springframework.boot.autoconfigure.http.codec.CodecsAutoConfiguration'
[2023-02-06 13:07:31] - Creating shared instance of singleton bean 'org.springframework.boot.autoconfigure.validation.ValidationAutoConfiguration'
[2023-02-06 13:07:31] - Creating shared instance of singleton bean 'defaultValidator'
[2023-02-06 13:07:31] - Autowiring by type from bean name 'defaultValidator' via factory method to bean named 'org.springframework.boot.web.servlet.context.AnnotationConfigServletWebServerApplicationContext@2f7a7219'
[2023-02-06 13:07:31] - Loaded expression factory via original TCCL
[2023-02-06 13:07:31] - Setting custom MessageInterpolator of type org.springframework.validation.beanvalidation.LocaleContextMessageInterpolator
[2023-02-06 13:07:31] - Setting custom ConstraintValidatorFactory of type org.springframework.validation.beanvalidation.SpringConstraintValidatorFactory
[2023-02-06 13:07:31] - Setting custom ParameterNameProvider of type org.springframework.validation.beanvalidation.LocalValidatorFactoryBean$1
[2023-02-06 13:07:31] - Trying to load META-INF/validation.xml for XML based Validator configuration.
[2023-02-06 13:07:31] - Trying to load META-INF/validation.xml via user class loader
[2023-02-06 13:07:31] - Trying to load META-INF/validation.xml via TCCL
[2023-02-06 13:07:31] - Trying to load META-INF/validation.xml via Hibernate Validator's class loader
[2023-02-06 13:07:31] - No META-INF/validation.xml found. Using annotation based configuration only.
[2023-02-06 13:07:31] - Found javax.persistence.Persistence on classpath containing 'getPersistenceUtil'. Assuming JPA 2 environment. Trying to instantiate JPA aware TraversableResolver
[2023-02-06 13:07:31] - Instantiated JPA aware TraversableResolver of type org.hibernate.validator.internal.engine.resolver.JPATraversableResolver.
[2023-02-06 13:07:31] - HV000252: Using org.hibernate.validator.internal.engine.DefaultPropertyNodeNameProvider as property node name provider.
[2023-02-06 13:07:31] - HV000234: Using org.springframework.validation.beanvalidation.LocaleContextMessageInterpolator as ValidatorFactory-scoped message interpolator.
[2023-02-06 13:07:31] - HV000234: Using org.hibernate.validator.internal.engine.resolver.JPATraversableResolver as ValidatorFactory-scoped traversable resolver.
[2023-02-06 13:07:31] - HV000234: Using org.hibernate.validator.internal.util.ExecutableParameterNameProvider as ValidatorFactory-scoped parameter name provider.
[2023-02-06 13:07:31] - HV000234: Using org.hibernate.validator.internal.engine.DefaultClockProvider as ValidatorFactory-scoped clock provider.
[2023-02-06 13:07:31] - HV000234: Using org.hibernate.validator.internal.engine.scripting.DefaultScriptEvaluatorFactory as ValidatorFactory-scoped script evaluator factory.
[2023-02-06 13:07:31] - Creating shared instance of singleton bean 'org.springframework.boot.autoconfigure.task.TaskExecutionAutoConfiguration'
[2023-02-06 13:07:31] - Creating shared instance of singleton bean 'taskExecutorBuilder'
[2023-02-06 13:07:31] - Creating shared instance of singleton bean 'spring.task.execution-org.springframework.boot.autoconfigure.task.TaskExecutionProperties'
[2023-02-06 13:07:31] - Autowiring by type from bean name 'taskExecutorBuilder' via factory method to bean named 'spring.task.execution-org.springframework.boot.autoconfigure.task.TaskExecutionProperties'
[2023-02-06 13:07:31] - Creating shared instance of singleton bean 'org.springframework.boot.autoconfigure.web.servlet.error.ErrorMvcAutoConfiguration$WhitelabelErrorViewConfiguration'
[2023-02-06 13:07:31] - Creating shared instance of singleton bean 'error'
[2023-02-06 13:07:31] - Creating shared instance of singleton bean 'beanNameViewResolver'
[2023-02-06 13:07:31] - Creating shared instance of singleton bean 'org.springframework.boot.autoconfigure.web.servlet.error.ErrorMvcAutoConfiguration$DefaultErrorViewResolverConfiguration'
[2023-02-06 13:07:31] - Autowiring by type from bean name 'org.springframework.boot.autoconfigure.web.servlet.error.ErrorMvcAutoConfiguration$DefaultErrorViewResolverConfiguration' via constructor to bean named 'org.springframework.boot.web.servlet.context.AnnotationConfigServletWebServerApplicationContext@2f7a7219'
[2023-02-06 13:07:31] - Autowiring by type from bean name 'org.springframework.boot.autoconfigure.web.servlet.error.ErrorMvcAutoConfiguration$DefaultErrorViewResolverConfiguration' via constructor to bean named 'spring.web-org.springframework.boot.autoconfigure.web.WebProperties'
[2023-02-06 13:07:31] - Creating shared instance of singleton bean 'conventionErrorViewResolver'
[2023-02-06 13:07:31] - Creating shared instance of singleton bean 'errorAttributes'
[2023-02-06 13:07:31] - Creating shared instance of singleton bean 'basicErrorController'
[2023-02-06 13:07:31] - Autowiring by type from bean name 'basicErrorController' via factory method to bean named 'errorAttributes'
[2023-02-06 13:07:31] - Creating shared instance of singleton bean 'requestMappingHandlerAdapter'
[2023-02-06 13:07:31] - Creating shared instance of singleton bean 'mvcValidator'
[2023-02-06 13:07:31] - Autowiring by type from bean name 'requestMappingHandlerAdapter' via factory method to bean named 'mvcContentNegotiationManager'
[2023-02-06 13:07:31] - Autowiring by type from bean name 'requestMappingHandlerAdapter' via factory method to bean named 'mvcConversionService'
[2023-02-06 13:07:31] - Autowiring by type from bean name 'requestMappingHandlerAdapter' via factory method to bean named 'mvcValidator'
[2023-02-06 13:07:31] - Autowiring by type from bean name 'requestMappingHandlerAdapter' via factory method to bean named 'mvcContentNegotiationManager'
[2023-02-06 13:07:31] - Autowiring by type from bean name 'requestMappingHandlerAdapter' via factory method to bean named 'mvcConversionService'
[2023-02-06 13:07:31] - Autowiring by type from bean name 'requestMappingHandlerAdapter' via factory method to bean named 'mvcValidator'
